2020-10-17 08:06:46,211 INFO o.a.j.u.JMeterUtils: Setting Locale to en_EN
2020-10-17 08:06:46,246 INFO o.a.j.JMeter: Loading user properties from: /usr/local/Cellar/jmeter/5.3/libexec/bin/user.properties
2020-10-17 08:06:46,247 INFO o.a.j.JMeter: Loading system properties from: /usr/local/Cellar/jmeter/5.3/libexec/bin/system.properties
2020-10-17 08:06:46,248 INFO o.a.j.JMeter: Copyright (c) 1998-2020 The Apache Software Foundation
2020-10-17 08:06:46,248 INFO o.a.j.JMeter: Version 5.3
2020-10-17 08:06:46,248 INFO o.a.j.JMeter: java.version=11.0.8
2020-10-17 08:06:46,248 INFO o.a.j.JMeter: java.vm.name=Java HotSpot(TM) 64-Bit Server VM
2020-10-17 08:06:46,249 INFO o.a.j.JMeter: os.name=Mac OS X
2020-10-17 08:06:46,249 INFO o.a.j.JMeter: os.arch=x86_64
2020-10-17 08:06:46,249 INFO o.a.j.JMeter: os.version=10.15.7
2020-10-17 08:06:46,249 INFO o.a.j.JMeter: file.encoding=UTF-8
2020-10-17 08:06:46,249 INFO o.a.j.JMeter: java.awt.headless=null
2020-10-17 08:06:46,249 INFO o.a.j.JMeter: Max memory     =1073741824
2020-10-17 08:06:46,249 INFO o.a.j.JMeter: Available Processors =6
2020-10-17 08:06:46,260 INFO o.a.j.JMeter: Default Locale=English (EN)
2020-10-17 08:06:46,260 INFO o.a.j.JMeter: JMeter  Locale=English (EN)
2020-10-17 08:06:46,260 INFO o.a.j.JMeter: JMeterHome=/usr/local/Cellar/jmeter/5.3/libexec
2020-10-17 08:06:46,260 INFO o.a.j.JMeter: user.dir  =/Users/destouma/Development/ARDUINO/env-sensing-api
2020-10-17 08:06:46,260 INFO o.a.j.JMeter: PWD       =/Users/destouma/Development/ARDUINO/env-sensing-api
2020-10-17 08:06:46,269 INFO o.a.j.JMeter: IP: 192.168.1.215 Name: Mac-mini FullName: mac-mini
2020-10-17 08:06:46,675 INFO o.a.j.JMeter: Setting LAF to: com.github.weisj.darklaf.DarkLaf:com.github.weisj.darklaf.theme.DarculaTheme
2020-10-17 08:06:47,388 INFO o.a.j.JMeter: Loaded icon properties from org/apache/jmeter/images/icon.properties
2020-10-17 08:06:48,305 INFO o.j.r.JARSourceHTTP: Requesting https://jmeter-plugins.org/repo/?installID=mac_os_x-7d601acb2a13da3dc25b799b9deb3905-gui
2020-10-17 08:06:49,203 INFO o.j.r.PluginManager: Plugins Status: [mqtt-sampler=0.0.1-SNAPSHOT, jpgc-plugins-manager=1.4, jmeter-core=5.3, jmeter-ftp=5.3, jmeter-http=5.3, jmeter-jdbc=5.3, jmeter-jms=5.3, jmeter-junit=5.3, jmeter-java=5.3, jmeter-ldap=5.3, jmeter-mail=5.3, jmeter-mongodb=5.3, jmeter-native=5.3, jmeter-tcp=5.3, jmeter-components=5.3]
2020-10-17 08:07:15,083 INFO o.a.j.s.FileServer: Default base='/Users/destouma/Development/ARDUINO/env-sensing-api'
2020-10-17 08:07:15,086 INFO o.a.j.g.a.Load: Loading file: /Users/destouma/Test Plan.jmx
2020-10-17 08:07:15,087 INFO o.a.j.s.FileServer: Set new base='/Users/destouma'
2020-10-17 08:07:15,227 INFO o.a.j.s.SaveService: Testplan (JMX) version: 2.2. Testlog (JTL) version: 2.2
2020-10-17 08:07:15,237 INFO o.a.j.s.SaveService: Using SaveService properties version 5.0
2020-10-17 08:07:15,239 INFO o.a.j.s.SaveService: Using SaveService properties file encoding UTF-8
2020-10-17 08:07:15,240 INFO o.a.j.s.SaveService: Loading file: /Users/destouma/Test Plan.jmx
2020-10-17 08:07:15,349 INFO o.a.j.p.h.s.HTTPSamplerBase: Parser for text/html is org.apache.jmeter.protocol.http.parser.LagartoBasedHtmlParser
2020-10-17 08:07:15,349 INFO o.a.j.p.h.s.HTTPSamplerBase: Parser for application/xhtml+xml is org.apache.jmeter.protocol.http.parser.LagartoBasedHtmlParser
2020-10-17 08:07:15,349 INFO o.a.j.p.h.s.HTTPSamplerBase: Parser for application/xml is org.apache.jmeter.protocol.http.parser.LagartoBasedHtmlParser
2020-10-17 08:07:15,349 INFO o.a.j.p.h.s.HTTPSamplerBase: Parser for text/xml is org.apache.jmeter.protocol.http.parser.LagartoBasedHtmlParser
2020-10-17 08:07:15,349 INFO o.a.j.p.h.s.HTTPSamplerBase: Parser for text/vnd.wap.wml is org.apache.jmeter.protocol.http.parser.RegexpHTMLParser
2020-10-17 08:07:15,349 INFO o.a.j.p.h.s.HTTPSamplerBase: Parser for text/css is org.apache.jmeter.protocol.http.parser.CssParser
2020-10-17 08:07:15,450 INFO o.a.j.s.SampleResult: Note: Sample TimeStamps are START times
2020-10-17 08:07:15,450 INFO o.a.j.s.SampleResult: sampleresult.default.encoding is set to ISO-8859-1
2020-10-17 08:07:15,450 INFO o.a.j.s.SampleResult: sampleresult.useNanoTime=true
2020-10-17 08:07:15,450 INFO o.a.j.s.SampleResult: sampleresult.nanoThreadSleep=5000
2020-10-17 08:07:15,589 INFO o.a.j.v.ViewResultsFullVisualizer: Add JavaFX to your Java installation if you want to use renderer: org.apache.jmeter.visualizers.RenderInBrowser
2020-10-17 08:07:15,665 INFO o.a.j.s.FileServer: Set new base='/Users/destouma'
2020-10-17 08:07:23,473 INFO o.a.j.e.StandardJMeterEngine: Running the test!
2020-10-17 08:07:23,474 INFO o.a.j.s.SampleEvent: List of sample_variables: []
2020-10-17 08:07:23,474 INFO o.a.j.s.SampleEvent: List of sample_variables: []
2020-10-17 08:07:23,476 INFO o.a.j.e.u.CompoundVariable: Note: Function class names must contain the string: '.functions.'
2020-10-17 08:07:23,476 INFO o.a.j.e.u.CompoundVariable: Note: Function class names must not contain the string: '.gui.'
2020-10-17 08:07:23,719 INFO o.a.j.g.u.JMeterMenuBar: setRunning(true, *local*)
2020-10-17 08:07:23,752 INFO o.a.j.e.StandardJMeterEngine: Starting ThreadGroup: 1 : Get test
2020-10-17 08:07:23,753 INFO o.a.j.e.StandardJMeterEngine: Starting 1 threads for group Get test.
2020-10-17 08:07:23,753 INFO o.a.j.e.StandardJMeterEngine: Thread will continue on error
2020-10-17 08:07:23,753 INFO o.a.j.t.ThreadGroup: Starting thread group... number=1 threads=1 ramp-up=1 delayedStart=false
2020-10-17 08:07:23,758 INFO o.a.j.t.ThreadGroup: Started thread group number 1
2020-10-17 08:07:23,758 INFO o.a.j.e.StandardJMeterEngine: All thread groups have been started
2020-10-17 08:07:23,760 INFO o.a.j.t.JMeterThread: Thread started: Get test 1-1
2020-10-17 08:07:23,775 INFO o.a.j.p.h.s.HTTPHCAbstractImpl: Local host = Mac-mini
2020-10-17 08:07:23,781 INFO o.a.j.p.h.s.HTTPHC4Impl: HTTP request retry count = 0
2020-10-17 08:07:25,900 INFO o.a.j.t.JMeterThread: Thread is done: Get test 1-1
2020-10-17 08:07:25,901 INFO o.a.j.t.JMeterThread: Thread finished: Get test 1-1
2020-10-17 08:07:25,902 INFO o.a.j.e.StandardJMeterEngine: Notifying test listeners of end of test
2020-10-17 08:07:25,902 INFO o.a.j.g.u.JMeterMenuBar: setRunning(false, *local*)
